<?xml version="1.0" encoding="UTF-8"?>
<!-- Generated by org.testng.reporters.JUnitXMLReporter -->
<testsuite hostname="L074226" ignored="2" name="TestLogin" tests="3" failures="0" timestamp="14 Jul 2017 19:26:47 GMT" time="81.573" errors="0">
  <testcase name="verifyLoginWithInvalidCredentials" time="5.629" classname="login.TC0001_loginwithInavlidCredentials"/>
  <testcase name="verifyLoginWithValidCredentials" time="8.884" classname="login.TC0002_loginwithvalidcredentials"/>
  <testcase name="verifyalllinksonloginpage" time="29.447" classname="login.TC0003_verifyalllinksonloginpage"/>
  <testcase name="@BeforeTest report" time="0.0" classname="testbase.testbaseforproject">
    <ignored/>
  </testcase> <!-- @BeforeTest report -->
  <testcase name="@BeforeTest report" time="0.0" classname="testbase.testbaseforproject">
    <ignored/>
  </testcase> <!-- @BeforeTest report -->
</testsuite> <!-- TestLogin -->
