<?xml version="1.0" encoding="UTF-8"?>
<testng-results skipped="0" failed="0" ignored="2" total="5" passed="3">
  <reporter-output>
  </reporter-output>
  <suite name="SuiteLogin" duration-ms="81573" started-at="2017-07-14T19:25:26Z" finished-at="2017-07-14T19:26:47Z">
    <groups>
    </groups>
    <test name="TestLogin" duration-ms="81573" started-at="2017-07-14T19:25:26Z" finished-at="2017-07-14T19:26:47Z">
      <class name="login.TC0001_loginwithInavlidCredentials">
        <test-method status="PASS" signature="report()[pri:0, instance:login.TC0001_loginwithInavlidCredentials@6fadae5d]" name="report" is-config="true" duration-ms="237" started-at="2017-07-14T15:25:26Z" finished-at="2017-07-14T15:25:26Z">
          <reporter-output>
          </reporter-output>
        </test-method> <!-- report -->
        <test-method status="PASS" signature="setup()[pri:0, instance:login.TC0001_loginwithInavlidCredentials@6fadae5d]" name="setup" is-config="true" duration-ms="14716" started-at="2017-07-14T15:25:26Z" finished-at="2017-07-14T15:25:41Z">
          <reporter-output>
          </reporter-output>
        </test-method> <!-- setup -->
        <test-method status="PASS" signature="verifyLoginWithInvalidCredentials()[pri:0, instance:login.TC0001_loginwithInavlidCredentials@6fadae5d]" name="verifyLoginWithInvalidCredentials" duration-ms="5629" started-at="2017-07-14T15:25:41Z" finished-at="2017-07-14T15:25:46Z">
          <reporter-output>
          </reporter-output>
        </test-method> <!-- verifyLoginWithInvalidCredentials -->
        <test-method status="PASS" signature="endTest()[pri:0, instance:login.TC0001_loginwithInavlidCredentials@6fadae5d]" name="endTest" is-config="true" duration-ms="637" started-at="2017-07-14T15:25:46Z" finished-at="2017-07-14T15:25:47Z">
          <reporter-output>
          </reporter-output>
        </test-method> <!-- endTest -->
      </class> <!-- login.TC0001_loginwithInavlidCredentials -->
      <class name="login.TC0002_loginwithvalidcredentials">
        <test-method status="PASS" signature="setup()[pri:0, instance:login.TC0002_loginwithvalidcredentials@17f6480]" name="setup" is-config="true" duration-ms="10683" started-at="2017-07-14T15:25:47Z" finished-at="2017-07-14T15:25:58Z">
          <reporter-output>
          </reporter-output>
        </test-method> <!-- setup -->
        <test-method status="PASS" signature="verifyLoginWithValidCredentials()[pri:0, instance:login.TC0002_loginwithvalidcredentials@17f6480]" name="verifyLoginWithValidCredentials" duration-ms="8884" started-at="2017-07-14T15:25:58Z" finished-at="2017-07-14T15:26:06Z">
          <reporter-output>
          </reporter-output>
        </test-method> <!-- verifyLoginWithValidCredentials -->
        <test-method status="PASS" signature="endTest()[pri:0, instance:login.TC0002_loginwithvalidcredentials@17f6480]" name="endTest" is-config="true" duration-ms="387" started-at="2017-07-14T15:26:06Z" finished-at="2017-07-14T15:26:07Z">
          <reporter-output>
          </reporter-output>
        </test-method> <!-- endTest -->
      </class> <!-- login.TC0002_loginwithvalidcredentials -->
      <class name="login.TC0003_verifyalllinksonloginpage">
        <test-method status="PASS" signature="setup()[pri:0, instance:login.TC0003_verifyalllinksonloginpage@2d6e8792]" name="setup" is-config="true" duration-ms="10635" started-at="2017-07-14T15:26:07Z" finished-at="2017-07-14T15:26:17Z">
          <reporter-output>
          </reporter-output>
        </test-method> <!-- setup -->
        <test-method status="PASS" signature="verifyalllinksonloginpage()[pri:0, instance:login.TC0003_verifyalllinksonloginpage@2d6e8792]" name="verifyalllinksonloginpage" duration-ms="29447" started-at="2017-07-14T15:26:17Z" finished-at="2017-07-14T15:26:47Z">
          <reporter-output>
          </reporter-output>
        </test-method> <!-- verifyalllinksonloginpage -->
        <test-method status="PASS" signature="endTest()[pri:0, instance:login.TC0003_verifyalllinksonloginpage@2d6e8792]" name="endTest" is-config="true" duration-ms="303" started-at="2017-07-14T15:26:47Z" finished-at="2017-07-14T15:26:47Z">
          <reporter-output>
          </reporter-output>
        </test-method> <!-- endTest -->
      </class> <!-- login.TC0003_verifyalllinksonloginpage -->
    </test> <!-- TestLogin -->
  </suite> <!-- SuiteLogin -->
</testng-results>
