<?xml version="1.0" encoding="UTF-8"?>
<!-- Generated by org.testng.reporters.JUnitXMLReporter -->
<testsuite hostname="L074226" ignored="0" name="Command line test" tests="1" failures="0" timestamp="13 Jul 2017 02:02:46 GMT" time="0.083" errors="0">
  <testcase name="@BeforeClass beforeClass" time="0.045" classname="sample.Firefox_Test">
    <failure type="java.lang.IllegalStateException" message="Specified firefox binary location does not exist or is not a real file: C:\Users\x201640\AppData\Local\Mozilla Firefox\firefox.exe">
      <![CDATA[java.lang.IllegalStateException: Specified firefox binary location does not exist or is not a real file: C:\Users\x201640\AppData\Local\Mozilla Firefox\firefox.exe
	at com.google.common.base.Preconditions.checkState(Preconditions.java:444)
	at org.openqa.selenium.firefox.internal.Executable.<init>(Executable.java:46)
	at org.openqa.selenium.firefox.FirefoxBinary.<init>(FirefoxBinary.java:138)
	at sample.Firefox_Test.beforeClass(Firefox_Test.java:26)
... Removed 34 stack frames]]>
    </failure>
  </testcase> <!-- @BeforeClass beforeClass -->
  <testcase name="@AfterClass afterClass" time="0.0" classname="sample.Firefox_Test">
    <skipped/>
  </testcase> <!-- @AfterClass afterClass -->
  <testcase name="f" time="0.0" classname="sample.Firefox_Test">
    <skipped/>
  </testcase> <!-- f -->
</testsuite> <!-- Command line test -->
